<?xml version="1.0" encoding="UTF-8"?>
<testsuites name="New Test Suite" time="2.696" tests="1" failures="0" errors="0">
   <testsuite name="New Test Suite" tests="1" failures="0" errors="0" time="2.696" skipped="0" timestamp="2023-07-06 11:50:35" hostname="Krishna D Hegde - 192.168.0.106" id="Test Suites/New Test Suite">
      <properties>
         <property name="deviceName" value=""/>
         <property name="devicePlatform" value=""/>
         <property name="logFolder" value="C:\\Users\\Krishna D Hegde\\Katalon Studio\\APICert\\Reports\\20230706_115031\\New Test Suite\\20230706_115032"/>
         <property name="logFiles" value="C:\\Users\\Krishna D Hegde\\Katalon Studio\\APICert\\Reports\\20230706_115031\\New Test Suite\\20230706_115032\\execution0.log"/>
         <property name="attachments" value=""/>
         <property name="hostName" value="Krishna D Hegde - 192.168.0.106"/>
         <property name="hostAddress" value="192.168.0.106"/>
         <property name="os" value="Windows 10 64bit"/>
         <property name="katalonVersion" value="8.6.5.208"/>
      </properties>
      <testcase name="Test Cases/New Test Case" time="2.397" classname="Test Cases/New Test Case" status="PASSED">
         <system-out><![CDATA[2023-07-06 11:50:35 - [TEST_CASE][PASSED] - Test Cases/New Test Case: Test Cases/New Test Case

2023-07-06 11:50:36 - [TEST_STEP][PASSED] - sendRequest(findTestObject("get")): Send request successfully

2023-07-06 11:50:38 - [MESSAGE][INFO] - HAR: C:\Users\Krishna D Hegde\Katalon Studio\APICert\Reports\20230706_115031\New Test Suite\20230706_115032\requests\main\0.har

2023-07-06 11:50:38 - [MESSAGE][PASSED] - Send request successfully]]></system-out>
         <system-err><![CDATA[]]></system-err>
      </testcase>
      <system-out><![CDATA[2023-07-06 11:50:35 - [TEST_SUITE][PASSED] - New Test Suite: Test Cases/New Test Case]]></system-out>
      <system-err><![CDATA[]]></system-err>
   </testsuite>
</testsuites>
